Arguments: 
  /Users/kevin/.nvm/versions/node/v10.0.0/bin/node /usr/local/Cellar/yarn/1.6.0/libexec/bin/yarn.js add react-autocomplete

PATH: 
  /Users/kevin/.opam/system/bin:/Users/kevin/.local/bin:/Users/kevin/dotfiles/bin:/usr/local/Cellar/pyenv-virtualenv/1.1.1/shims:/Users/kevin/.pyenv/shims:/Users/kevin/.nvm/versions/node/v10.0.0/bin:/usr/local/Cellar/pyenv-virtualenv/1.1.1/shims:/Users/kevin/.pyenv/shims:/Users/kevin/.opam/system/bin:/Users/kevin/.local/bin:/Users/kevin/dotfiles/bin:/usr/local/Cellar/pyenv-virtualenv/1.1.1/shims:/Users/kevin/.pyenv/shims:/usr/local/Cellar/pyenv-virtualenv/1.1.1/shims:/Users/kevin/.pyenv/shims:/usr/local/bin:/usr/local/sbin:/usr/bin:/bin:/usr/sbin:/sbin:/opt/X11/bin:/Library/Frameworks/Mono.framework/Versions/Current/Commands:/usr/texbin:/Users/kevin/.rvm/bin:/Users/kevin/.rvm/bin

Yarn version: 
  1.6.0

Node version: 
  10.0.0

Platform: 
  darwin x64

Trace: 
  Error: getaddrinfo ENOTFOUND registry.yarnpkg.com registry.yarnpkg.com:443
      at GetAddrInfoReqWrap.onlookup [as oncomplete] (dns.js:50:26)

npm manifest: 
  {
    "name": "Header",
    "version": "0.0.0",
    "private": true,
    "main": "./Header.js"
  }

yarn manifest: 
  No manifest

Lockfile: 
  No lockfile
